    Checking brisas-app v0.1.0 (C:\Users\femprobrisas\proyecto-brisas\Rust\brisas-app\src-tauri)
error[E0277]: `?` couldn't convert the error to `std::string::String`
  --> src\services\search_service.rs:78:79
   |
78 |         let proveedores = proveedor_queries::find_all_with_empresa(pool).await?;
   |                           ----------------------------------------------------^ the trait `From<sqlx::Error>` is not implemented for `std::string::String`
   |                           |
   |                           this can't be annotated with `?` because it has type `Result<_, sqlx::Error>`
   |
   = note: the question mark operation (`?`) implicitly performs a conversion on the error value using the `From` trait
   = help: the following other types implement trait `From<T>`:
             `std::string::String` implements `From<&EcoString>`
             `std::string::String` implements `From<&mut str>`
             `std::string::String` implements `From<&std::string::String>`
             `std::string::String` implements `From<&str>`
             `std::string::String` implements `From<AssetKey>`
             `std::string::String` implements `From<Box<str>>`
             `std::string::String` implements `From<Cow<'_, str>>`
             `std::string::String` implements `From<EcoString>`
           and 14 others

For more information about this error, try `rustc --explain E0277`.
error: could not compile `brisas-app` (lib) due to 1 previous error
